<?xml version="1.0" encoding="UTF-8"?>
<!-- Generated by org.testng.reporters.JUnitXMLReporter -->
<testsuite hostname="SPGRASD11" name="Group Testing" tests="19" failures="3" timestamp="29 Aug 2020 08:51:26 GMT" time="217.597" errors="0">
  <testcase name="@AfterClass Teardown" time="0.0" classname="com.ats.qa.testcases.ParameterMasterTest">
    <failure type="org.openqa.selenium.NoSuchSessionException" message="Session ID is null. Using WebDriver after calling quit()?
Build info: version: &amp;apos;3.141.59&amp;apos;, revision: &amp;apos;e82be7d358&amp;apos;, time: &amp;apos;2018-11-14T08:25:48&amp;apos;
System info: host: &amp;apos;SPGRASD11&amp;apos;, ip: &amp;apos;172.27.85.33&amp;apos;, os.name: &amp;apos;Windows 10&amp;apos;, os.arch: &amp;apos;amd64&amp;apos;, os.version: &amp;apos;10.0&amp;apos;, java.version: &amp;apos;1.8.0_152&amp;apos;
Driver info: driver.version: RemoteWebDriver">
      <![CDATA[org.openqa.selenium.NoSuchSessionException: Session ID is null. Using WebDriver after calling quit()?
Build info: version: '3.141.59', revision: 'e82be7d358', time: '2018-11-14T08:25:48'
System info: host: 'SPGRASD11', ip: '172.27.85.33', os.name: 'Windows 10', os.arch: 'amd64', os.version: '10.0', java.version: '1.8.0_152'
Driver info: driver.version: RemoteWebDriver
	at org.openqa.selenium.remote.HttpCommandExecutor.execute(HttpCommandExecutor.java:125)
	at org.openqa.selenium.remote.service.DriverCommandExecutor.execute(DriverCommandExecutor.java:83)
	at org.openqa.selenium.remote.RemoteWebDriver.execute(RemoteWebDriver.java:552)
	at org.openqa.selenium.remote.RemoteWebDriver.execute(RemoteWebDriver.java:609)
	at org.openqa.selenium.remote.RemoteWebDriver.close(RemoteWebDriver.java:442)
	at com.ats.qa.testcases.ParameterMasterTest.Teardown(ParameterMasterTest.java:86)
... Removed 24 stack frames]]>
    </failure>
  </testcase> <!-- @AfterClass Teardown -->
  <testcase name="Documentmaster_clickonMaster" time="9.044" classname="com.ats.qa.testcases.DocumentMasterTest"/>
  <testcase name="Designation_clickonMaster" time="8.534" classname="com.ats.qa.testcases.DesignationMasterTest"/>
  <testcase name="ExcludeassementfromselectionMatrix_getAssesmentMatrix" time="8.954" classname="com.ats.qa.testcases.ExcludeAssesmentFromSelectionMatrixTest"/>
  <testcase name="DNDuploadModule_getDNDmobile" time="13.522" classname="com.ats.qa.testcases.DNDUploadModuleTest"/>
  <testcase name="Department_clickonMaster" time="14.619" classname="com.ats.qa.testcases.DepartmentMasterTest"/>
  <testcase name="ParameterTest_clickonMaster" time="8.053" classname="com.ats.qa.testcases.ParameterMasterTest"/>
  <testcase name="Documentmaster_clickOnDocumentMaster" time="4.111" classname="com.ats.qa.testcases.DocumentMasterTest"/>
  <testcase name="Designation_clickondesignationmaster" time="4.228" classname="com.ats.qa.testcases.DesignationMasterTest"/>
  <testcase name="ExcludeassementfromselectionMatrix_getAsssesmentType" time="2.507" classname="com.ats.qa.testcases.ExcludeAssesmentFromSelectionMatrixTest"/>
  <testcase name="DNDuploadModule_getDNDShowRadio" time="2.369" classname="com.ats.qa.testcases.DNDUploadModuleTest"/>
  <testcase name="Department_clickOnDepartment" time="4.768" classname="com.ats.qa.testcases.DepartmentMasterTest"/>
  <testcase name="ParameterTest_clickonparameter" time="3.335" classname="com.ats.qa.testcases.ParameterMasterTest"/>
  <testcase name="Documentmaster_clickoncategory" time="7.933" classname="com.ats.qa.testcases.DocumentMasterTest"/>
  <testcase name="Designation_clickonEnterdetails" time="21.132" classname="com.ats.qa.testcases.DesignationMasterTest">
    <failure type="org.openqa.selenium.StaleElementReferenceException" message="stale element reference: element is not attached to the page document
  (Session info: chrome=80.0.3987.106)
For documentation on this error, please visit: https://www.seleniumhq.org/exceptions/stale_element_reference.html
Build info: version: &amp;apos;3.141.59&amp;apos;, revision: &amp;apos;e82be7d358&amp;apos;, time: &amp;apos;2018-11-14T08:25:48&amp;apos;
System info: host: &amp;apos;SPGRASD11&amp;apos;, ip: &amp;apos;172.27.85.33&amp;apos;, os.name: &amp;apos;Windows 10&amp;apos;, os.arch: &amp;apos;amd64&amp;apos;, os.version: &amp;apos;10.0&amp;apos;, java.version: &amp;apos;1.8.0_152&amp;apos;
Driver info: org.openqa.selenium.chrome.ChromeDriver
Capabilities {acceptInsecureCerts: false, browserName: chrome, browserVersion: 80.0.3987.106, chrome: {chromedriverVersion: 80.0.3987.16 (320f6526c1632..., userDataDir: C:\Users\RCHAVA~1\AppData\L...}, goog:chromeOptions: {debuggerAddress: localhost:52817}, javascriptEnabled: true, networkConnectionEnabled: false, pageLoadStrategy: normal, platform: WINDOWS, platformName: WINDOWS, proxy: Proxy(), setWindowRect: true, strictFileInteractability: false, timeouts: {implicit: 0, pageLoad: 300000, script: 30000}, unhandledPromptBehavior: dismiss and notify}
Session ID: 7ba1dc6e149d0257aed506254ab49686">
      <![CDATA[org.openqa.selenium.StaleElementReferenceException: stale element reference: element is not attached to the page document
  (Session info: chrome=80.0.3987.106)
For documentation on this error, please visit: https://www.seleniumhq.org/exceptions/stale_element_reference.html
Build info: version: '3.141.59', revision: 'e82be7d358', time: '2018-11-14T08:25:48'
System info: host: 'SPGRASD11', ip: '172.27.85.33', os.name: 'Windows 10', os.arch: 'amd64', os.version: '10.0', java.version: '1.8.0_152'
Driver info: org.openqa.selenium.chrome.ChromeDriver
Capabilities {acceptInsecureCerts: false, browserName: chrome, browserVersion: 80.0.3987.106, chrome: {chromedriverVersion: 80.0.3987.16 (320f6526c1632..., userDataDir: C:\Users\RCHAVA~1\AppData\L...}, goog:chromeOptions: {debuggerAddress: localhost:52817}, javascriptEnabled: true, networkConnectionEnabled: false, pageLoadStrategy: normal, platform: WINDOWS, platformName: WINDOWS, proxy: Proxy(), setWindowRect: true, strictFileInteractability: false, timeouts: {implicit: 0, pageLoad: 300000, script: 30000}, unhandledPromptBehavior: dismiss and notify}
Session ID: 7ba1dc6e149d0257aed506254ab49686
	at org.openqa.selenium.remote.http.W3CHttpResponseCodec.createException(W3CHttpResponseCodec.java:187)
	at org.openqa.selenium.remote.http.W3CHttpResponseCodec.decode(W3CHttpResponseCodec.java:122)
	at org.openqa.selenium.remote.http.W3CHttpResponseCodec.decode(W3CHttpResponseCodec.java:49)
	at org.openqa.selenium.remote.HttpCommandExecutor.execute(HttpCommandExecutor.java:158)
	at org.openqa.selenium.remote.service.DriverCommandExecutor.execute(DriverCommandExecutor.java:83)
	at org.openqa.selenium.remote.RemoteWebDriver.execute(RemoteWebDriver.java:552)
	at org.openqa.selenium.remote.RemoteWebElement.execute(RemoteWebElement.java:285)
	at org.openqa.selenium.remote.RemoteWebElement.sendKeys(RemoteWebElement.java:106)
	at com.ats.qa.pages.DesignationMaster.clickonEnterdetails(DesignationMaster.java:59)
	at com.ats.qa.testcases.DesignationMasterTest.Designation_clickonEnterdetails(DesignationMasterTest.java:64)
... Removed 28 stack frames]]>
    </failure>
  </testcase> <!-- Designation_clickonEnterdetails -->
  <testcase name="ExcludeassementfromselectionMatrix_getCostcenter" time="2.317" classname="com.ats.qa.testcases.ExcludeAssesmentFromSelectionMatrixTest"/>
  <testcase name="DNDuploadModule_getDNDMobilenuumberText" time="2.334" classname="com.ats.qa.testcases.DNDUploadModuleTest"/>
  <testcase name="Department_clickonDepartmentMapping" time="2.371" classname="com.ats.qa.testcases.DepartmentMasterTest"/>
  <testcase name="ParameterTest_clickonEnterdetails" time="2.003" classname="com.ats.qa.testcases.ParameterMasterTest">
    <failure type="org.openqa.selenium.NoSuchSessionException" message="Session ID is null. Using WebDriver after calling quit()?
Build info: version: &amp;apos;3.141.59&amp;apos;, revision: &amp;apos;e82be7d358&amp;apos;, time: &amp;apos;2018-11-14T08:25:48&amp;apos;
System info: host: &amp;apos;SPGRASD11&amp;apos;, ip: &amp;apos;172.27.85.33&amp;apos;, os.name: &amp;apos;Windows 10&amp;apos;, os.arch: &amp;apos;amd64&amp;apos;, os.version: &amp;apos;10.0&amp;apos;, java.version: &amp;apos;1.8.0_152&amp;apos;
Driver info: driver.version: RemoteWebDriver">
      <![CDATA[org.openqa.selenium.NoSuchSessionException: Session ID is null. Using WebDriver after calling quit()?
Build info: version: '3.141.59', revision: 'e82be7d358', time: '2018-11-14T08:25:48'
System info: host: 'SPGRASD11', ip: '172.27.85.33', os.name: 'Windows 10', os.arch: 'amd64', os.version: '10.0', java.version: '1.8.0_152'
Driver info: driver.version: RemoteWebDriver
	at org.openqa.selenium.remote.HttpCommandExecutor.execute(HttpCommandExecutor.java:125)
	at org.openqa.selenium.remote.service.DriverCommandExecutor.execute(DriverCommandExecutor.java:83)
	at org.openqa.selenium.remote.RemoteWebDriver.execute(RemoteWebDriver.java:552)
	at org.openqa.selenium.remote.RemoteWebDriver.findElement(RemoteWebDriver.java:323)
	at org.openqa.selenium.remote.RemoteWebDriver.findElementById(RemoteWebDriver.java:372)
	at org.openqa.selenium.By$ById.findElement(By.java:188)
	at org.openqa.selenium.remote.RemoteWebDriver.findElement(RemoteWebDriver.java:315)
	at com.ats.qa.pages.ParameterMaster.clickonEnterdetails(ParameterMaster.java:44)
	at com.ats.qa.testcases.ParameterMasterTest.ParameterTest_clickonEnterdetails(ParameterMasterTest.java:70)
... Removed 24 stack frames]]>
    </failure>
  </testcase> <!-- ParameterTest_clickonEnterdetails -->
  <testcase name="ParameterTest_clickonEnterdetails" time="2.012" classname="com.ats.qa.testcases.ParameterMasterTest">
    <failure type="org.openqa.selenium.NoSuchSessionException" message="Session ID is null. Using WebDriver after calling quit()?
Build info: version: &amp;apos;3.141.59&amp;apos;, revision: &amp;apos;e82be7d358&amp;apos;, time: &amp;apos;2018-11-14T08:25:48&amp;apos;
System info: host: &amp;apos;SPGRASD11&amp;apos;, ip: &amp;apos;172.27.85.33&amp;apos;, os.name: &amp;apos;Windows 10&amp;apos;, os.arch: &amp;apos;amd64&amp;apos;, os.version: &amp;apos;10.0&amp;apos;, java.version: &amp;apos;1.8.0_152&amp;apos;
Driver info: driver.version: RemoteWebDriver">
      <![CDATA[org.openqa.selenium.NoSuchSessionException: Session ID is null. Using WebDriver after calling quit()?
Build info: version: '3.141.59', revision: 'e82be7d358', time: '2018-11-14T08:25:48'
System info: host: 'SPGRASD11', ip: '172.27.85.33', os.name: 'Windows 10', os.arch: 'amd64', os.version: '10.0', java.version: '1.8.0_152'
Driver info: driver.version: RemoteWebDriver
	at org.openqa.selenium.remote.HttpCommandExecutor.execute(HttpCommandExecutor.java:125)
	at org.openqa.selenium.remote.service.DriverCommandExecutor.execute(DriverCommandExecutor.java:83)
	at org.openqa.selenium.remote.RemoteWebDriver.execute(RemoteWebDriver.java:552)
	at org.openqa.selenium.remote.RemoteWebDriver.execute(RemoteWebDriver.java:609)
	at org.openqa.selenium.remote.RemoteWebDriver.getScreenshotAs(RemoteWebDriver.java:295)
	at com.ats.qa.base.TestBase.getScreenShotPath(TestBase.java:90)
	at com.ats.qa.base.Listeners.onTestFailure(Listeners.java:69)
... Removed 21 stack frames]]>
    </failure>
  </testcase> <!-- ParameterTest_clickonEnterdetails -->
</testsuite> <!-- Group Testing -->
