<?xml version="1.0" encoding="UTF-8"?>
<!-- Generated by org.testng.reporters.JUnitXMLReporter -->
<testsuite hostname="SPGRASD11" name="Validating ParameterMaster" tests="3" failures="1" timestamp="1 Sep 2020 04:32:18 GMT" time="83.023" errors="0">
  <testcase name="ParameterTest_clickonMaster" time="8.239" classname="com.ats.qa.testcases.ParameterMasterTest"/>
  <testcase name="ParameterTest_clickonparameter" time="3.621" classname="com.ats.qa.testcases.ParameterMasterTest"/>
  <testcase name="ParameterTest_clickonEnterdetails" time="8.959" classname="com.ats.qa.testcases.ParameterMasterTest">
    <failure type="org.openqa.selenium.ElementClickInterceptedException" message="element click intercepted: Element &amp;lt;input type=&amp;quot;image&amp;quot; name=&amp;quot;ctl00$cphMain$gvShowParameterReport$ctl02$lbtnEdit&amp;quot; id=&amp;quot;cphMain_gvShowParameterReport_lbtnEdit_0&amp;quot; text=&amp;quot;Edit&amp;quot; src=&amp;quot;../Contents/images/edit.png&amp;quot; tabindex=&amp;quot;-1&amp;quot;&amp;gt; is not clickable at point (1256, 176). Other element would receive the click: &amp;lt;div id=&amp;quot;modalPopup_backgroundElement&amp;quot; class=&amp;quot;modalPopup-trans-bg&amp;quot; style=&amp;quot;position: fixed; left: 0px; top: 0px; z-index: 10010; width: 1349px; height: 1760px;&amp;quot;&amp;gt;&amp;lt;/div&amp;gt;
  (Session info: chrome=80.0.3987.106)
Build info: version: &amp;apos;3.141.59&amp;apos;, revision: &amp;apos;e82be7d358&amp;apos;, time: &amp;apos;2018-11-14T08:25:48&amp;apos;
System info: host: &amp;apos;SPGRASD11&amp;apos;, ip: &amp;apos;172.27.85.33&amp;apos;, os.name: &amp;apos;Windows 10&amp;apos;, os.arch: &amp;apos;amd64&amp;apos;, os.version: &amp;apos;10.0&amp;apos;, java.version: &amp;apos;1.8.0_152&amp;apos;
Driver info: org.openqa.selenium.chrome.ChromeDriver
Capabilities {acceptInsecureCerts: false, browserName: chrome, browserVersion: 80.0.3987.106, chrome: {chromedriverVersion: 80.0.3987.16 (320f6526c1632..., userDataDir: C:\Users\RCHAVA~1\AppData\L...}, goog:chromeOptions: {debuggerAddress: localhost:58006}, javascriptEnabled: true, networkConnectionEnabled: false, pageLoadStrategy: normal, platform: WINDOWS, platformName: WINDOWS, proxy: Proxy(), setWindowRect: true, strictFileInteractability: false, timeouts: {implicit: 0, pageLoad: 300000, script: 30000}, unhandledPromptBehavior: dismiss and notify}
Session ID: d0fa83b29eac7d306bb6670644361c58">
      <![CDATA[org.openqa.selenium.ElementClickInterceptedException: element click intercepted: Element <input type="image" name="ctl00$cphMain$gvShowParameterReport$ctl02$lbtnEdit" id="cphMain_gvShowParameterReport_lbtnEdit_0" text="Edit" src="../Contents/images/edit.png" tabindex="-1"> is not clickable at point (1256, 176). Other element would receive the click: <div id="modalPopup_backgroundElement" class="modalPopup-trans-bg" style="position: fixed; left: 0px; top: 0px; z-index: 10010; width: 1349px; height: 1760px;"></div>
  (Session info: chrome=80.0.3987.106)
Build info: version: '3.141.59', revision: 'e82be7d358', time: '2018-11-14T08:25:48'
System info: host: 'SPGRASD11', ip: '172.27.85.33', os.name: 'Windows 10', os.arch: 'amd64', os.version: '10.0', java.version: '1.8.0_152'
Driver info: org.openqa.selenium.chrome.ChromeDriver
Capabilities {acceptInsecureCerts: false, browserName: chrome, browserVersion: 80.0.3987.106, chrome: {chromedriverVersion: 80.0.3987.16 (320f6526c1632..., userDataDir: C:\Users\RCHAVA~1\AppData\L...}, goog:chromeOptions: {debuggerAddress: localhost:58006}, javascriptEnabled: true, networkConnectionEnabled: false, pageLoadStrategy: normal, platform: WINDOWS, platformName: WINDOWS, proxy: Proxy(), setWindowRect: true, strictFileInteractability: false, timeouts: {implicit: 0, pageLoad: 300000, script: 30000}, unhandledPromptBehavior: dismiss and notify}
Session ID: d0fa83b29eac7d306bb6670644361c58
	at org.openqa.selenium.remote.http.W3CHttpResponseCodec.createException(W3CHttpResponseCodec.java:187)
	at org.openqa.selenium.remote.http.W3CHttpResponseCodec.decode(W3CHttpResponseCodec.java:122)
	at org.openqa.selenium.remote.http.W3CHttpResponseCodec.decode(W3CHttpResponseCodec.java:49)
	at org.openqa.selenium.remote.HttpCommandExecutor.execute(HttpCommandExecutor.java:158)
	at org.openqa.selenium.remote.service.DriverCommandExecutor.execute(DriverCommandExecutor.java:83)
	at org.openqa.selenium.remote.RemoteWebDriver.execute(RemoteWebDriver.java:552)
	at org.openqa.selenium.remote.RemoteWebElement.execute(RemoteWebElement.java:285)
	at org.openqa.selenium.remote.RemoteWebElement.click(RemoteWebElement.java:84)
	at com.ats.qa.pages.ParameterMaster.clickonEnterdetails(ParameterMaster.java:59)
	at com.ats.qa.testcases.ParameterMasterTest.ParameterTest_clickonEnterdetails(ParameterMasterTest.java:70)
	at java.util.concurrent.ThreadPoolExecutor.runWorker(ThreadPoolExecutor.java:1149)
	at java.util.concurrent.ThreadPoolExecutor$Worker.run(ThreadPoolExecutor.java:624)
	at java.lang.Thread.run(Thread.java:748)
... Removed 14 stack frames]]>
    </failure>
  </testcase> <!-- ParameterTest_clickonEnterdetails -->
</testsuite> <!-- Validating ParameterMaster -->
